2020-07-14 00:48:17,919 INFO [base.py(base_find:22)] - 元素('xpath', "//*[@index='1' and @class='android.widget.EditText']")正在进行定位操作...
2020-07-14 00:48:21,432 INFO [base.py(base_input:40)] - 元素('xpath', "//*[@index='1' and @class='android.widget.EditText']")正在进行清空操作...
2020-07-14 00:48:22,790 INFO [base.py(base_input:43)] - 元素('xpath', "//*[@index='1' and @class='android.widget.EditText']")正在进行输入操作,内容是13812345678...
2020-07-14 00:48:27,482 INFO [base.py(base_find:22)] - 元素('xpath', "//*[@index='2' and @class='android.widget.EditText']")正在进行定位操作...
2020-07-14 00:48:27,502 INFO [base.py(base_input:40)] - 元素('xpath', "//*[@index='2' and @class='android.widget.EditText']")正在进行清空操作...
2020-07-14 00:48:28,691 INFO [base.py(base_input:43)] - 元素('xpath', "//*[@index='2' and @class='android.widget.EditText']")正在进行输入操作,内容是246810...
2020-07-14 00:48:34,509 INFO [base.py(base_click:54)] - 元素('xpath', "//*[@text='登录' and @class='android.widget.Button']")正在进行点击操作...
2020-07-14 00:48:34,509 INFO [base.py(base_find:22)] - 元素('xpath', "//*[@text='登录' and @class='android.widget.Button']")正在进行定位操作...
2020-07-14 00:49:12,610 INFO [base.py(base_find:22)] - 元素('xpath', "//*[@index='1' and @class='android.widget.EditText']")正在进行定位操作...
2020-07-14 00:49:16,024 INFO [base.py(base_input:40)] - 元素('xpath', "//*[@index='1' and @class='android.widget.EditText']")正在进行清空操作...
2020-07-14 00:49:17,515 INFO [base.py(base_input:43)] - 元素('xpath', "//*[@index='1' and @class='android.widget.EditText']")正在进行输入操作,内容是13812345678...
2020-07-14 00:49:22,287 INFO [base.py(base_find:22)] - 元素('xpath', "//*[@index='2' and @class='android.widget.EditText']")正在进行定位操作...
2020-07-14 00:49:22,922 INFO [base.py(base_input:40)] - 元素('xpath', "//*[@index='2' and @class='android.widget.EditText']")正在进行清空操作...
2020-07-14 00:49:24,217 INFO [base.py(base_input:43)] - 元素('xpath', "//*[@index='2' and @class='android.widget.EditText']")正在进行输入操作,内容是246810...
2020-07-14 00:49:30,844 INFO [base.py(base_click:54)] - 元素('xpath', "//*[@text='登录' and @class='android.widget.Button']")正在进行点击操作...
2020-07-14 00:49:30,844 INFO [base.py(base_find:22)] - 元素('xpath', "//*[@text='登录' and @class='android.widget.Button']")正在进行定位操作...
2020-07-14 00:49:31,057 INFO [base.py(base_find:22)] - 元素('xpath', "//*[@class='android.widget.HorizontalScrollView']")正在进行定位操作...
2020-07-14 00:49:34,576 INFO [base.py(base_find:22)] - 元素('xpath', "//*[contains(@text,'数据库')]")正在进行定位操作...
2020-07-14 00:49:40,340 INFO [base.py(base_find:22)] - 元素('xpath', "//*[contains(@text,'数据库')]")正在进行定位操作...
2020-07-14 00:49:46,097 INFO [base.py(base_find:22)] - 元素('xpath', "//*[contains(@text,'数据库')]")正在进行定位操作...
2020-07-14 00:49:51,912 INFO [base.py(base_find:22)] - 元素('xpath', "//*[contains(@text,'数据库')]")正在进行定位操作...
2020-07-14 00:49:58,305 INFO [base.py(base_find:22)] - 元素('xpath', "//*[contains(@text,'数据库')]")正在进行定位操作...
2020-07-14 10:27:48,423 INFO [base.py(base_find:22)] - 元素('xpath', "//*[@index='1' and @class='android.widget.EditText']")正在进行定位操作...
2020-07-14 10:27:51,950 INFO [base.py(base_input:40)] - 元素('xpath', "//*[@index='1' and @class='android.widget.EditText']")正在进行清空操作...
2020-07-14 10:27:53,456 INFO [base.py(base_input:43)] - 元素('xpath', "//*[@index='1' and @class='android.widget.EditText']")正在进行输入操作,内容是13812345678...
2020-07-14 10:27:58,270 INFO [base.py(base_find:22)] - 元素('xpath', "//*[@index='2' and @class='android.widget.EditText']")正在进行定位操作...
2020-07-14 10:27:58,295 INFO [base.py(base_input:40)] - 元素('xpath', "//*[@index='2' and @class='android.widget.EditText']")正在进行清空操作...
2020-07-14 10:27:59,523 INFO [base.py(base_input:43)] - 元素('xpath', "//*[@index='2' and @class='android.widget.EditText']")正在进行输入操作,内容是246810...
2020-07-14 10:28:05,263 INFO [base.py(base_click:54)] - 元素('xpath', "//*[@text='登录' and @class='android.widget.Button']")正在进行点击操作...
2020-07-14 10:28:05,263 INFO [base.py(base_find:22)] - 元素('xpath', "//*[@text='登录' and @class='android.widget.Button']")正在进行定位操作...
2020-07-14 10:28:05,510 INFO [base.py(base_find:22)] - 元素('xpath', "//*[@class='android.widget.HorizontalScrollView']")正在进行定位操作...
2020-07-14 10:28:08,917 INFO [base.py(base_find:22)] - 元素('xpath', "//*[@class='android.widget.HorizontalScrollView']//*[contains(@text,'python')]")正在进行定位操作...
2020-07-14 10:28:11,184 INFO [base.py(base_find:22)] - 元素('xpath', "//*[@index='0' and @bounds='[0,390][1080,1716]']")正在进行定位操作...
2020-07-14 10:28:15,482 INFO [base.py(base_find:22)] - 元素('xpath', "//*[@bounds='[0,390][1080,1716]']//*[contains(@text,'Python')]")正在进行定位操作...
2020-07-14 10:28:22,095 INFO [base.py(base_find:22)] - 元素('xpath', "//*[@bounds='[0,390][1080,1716]']//*[contains(@text,'Python')]")正在进行定位操作...
2020-07-14 10:30:20,690 INFO [base.py(base_find:22)] - 元素('xpath', "//*[@index='1' and @class='android.widget.EditText']")正在进行定位操作...
2020-07-14 10:30:24,214 INFO [base.py(base_input:40)] - 元素('xpath', "//*[@index='1' and @class='android.widget.EditText']")正在进行清空操作...
2020-07-14 10:30:25,694 INFO [base.py(base_input:43)] - 元素('xpath', "//*[@index='1' and @class='android.widget.EditText']")正在进行输入操作,内容是13812345678...
2020-07-14 10:30:30,436 INFO [base.py(base_find:22)] - 元素('xpath', "//*[@index='2' and @class='android.widget.EditText']")正在进行定位操作...
2020-07-14 10:30:30,462 INFO [base.py(base_input:40)] - 元素('xpath', "//*[@index='2' and @class='android.widget.EditText']")正在进行清空操作...
2020-07-14 10:30:31,729 INFO [base.py(base_input:43)] - 元素('xpath', "//*[@index='2' and @class='android.widget.EditText']")正在进行输入操作,内容是246810...
2020-07-14 10:30:37,425 INFO [base.py(base_click:54)] - 元素('xpath', "//*[@text='登录' and @class='android.widget.Button']")正在进行点击操作...
2020-07-14 10:30:37,425 INFO [base.py(base_find:22)] - 元素('xpath', "//*[@text='登录' and @class='android.widget.Button']")正在进行定位操作...
2020-07-14 10:30:37,659 INFO [base.py(base_find:22)] - 元素('xpath', "//*[@class='android.widget.HorizontalScrollView']")正在进行定位操作...
2020-07-14 10:30:41,616 INFO [base.py(base_find:22)] - 元素('xpath', "//*[@class='android.widget.HorizontalScrollView']//*[contains(@text,'python')]")正在进行定位操作...
2020-07-14 10:30:43,835 INFO [base.py(base_find:22)] - 元素('xpath', "//*[@index='0' and @bounds='[0,390][1080,1716]']")正在进行定位操作...
2020-07-14 10:30:47,715 INFO [base.py(base_find:22)] - 元素('xpath', "//*[@bounds='[0,390][1080,1716]']")正在进行定位操作...
2020-07-14 10:31:09,978 INFO [base.py(base_find:22)] - 元素('xpath', "//*[@index='1' and @class='android.widget.EditText']")正在进行定位操作...
2020-07-14 10:31:13,509 INFO [base.py(base_input:40)] - 元素('xpath', "//*[@index='1' and @class='android.widget.EditText']")正在进行清空操作...
2020-07-14 10:31:14,800 INFO [base.py(base_input:43)] - 元素('xpath', "//*[@index='1' and @class='android.widget.EditText']")正在进行输入操作,内容是13812345678...
2020-07-14 10:31:19,588 INFO [base.py(base_find:22)] - 元素('xpath', "//*[@index='2' and @class='android.widget.EditText']")正在进行定位操作...
2020-07-14 10:31:19,615 INFO [base.py(base_input:40)] - 元素('xpath', "//*[@index='2' and @class='android.widget.EditText']")正在进行清空操作...
2020-07-14 10:31:20,875 INFO [base.py(base_input:43)] - 元素('xpath', "//*[@index='2' and @class='android.widget.EditText']")正在进行输入操作,内容是246810...
2020-07-14 10:31:27,037 INFO [base.py(base_click:54)] - 元素('xpath', "//*[@text='登录' and @class='android.widget.Button']")正在进行点击操作...
2020-07-14 10:31:27,037 INFO [base.py(base_find:22)] - 元素('xpath', "//*[@text='登录' and @class='android.widget.Button']")正在进行定位操作...
2020-07-14 10:31:27,266 INFO [base.py(base_find:22)] - 元素('xpath', "//*[@class='android.widget.HorizontalScrollView']")正在进行定位操作...
2020-07-14 10:31:30,794 INFO [base.py(base_find:22)] - 元素('xpath', "//*[@class='android.widget.HorizontalScrollView']//*[contains(@text,'python')]")正在进行定位操作...
2020-07-14 10:31:33,056 INFO [base.py(base_find:22)] - 元素('xpath', "//*[@index='0' and @bounds='[0,390][1080,1716]']")正在进行定位操作...
2020-07-14 10:31:37,257 INFO [base.py(base_find:22)] - 元素('xpath', "//*[@bounds='[0,390][1080,1716]']")正在进行定位操作...
2020-07-14 10:32:36,537 INFO [base.py(base_find:22)] - 元素('xpath', "//*[@index='1' and @class='android.widget.EditText']")正在进行定位操作...
2020-07-14 10:32:40,112 INFO [base.py(base_input:40)] - 元素('xpath', "//*[@index='1' and @class='android.widget.EditText']")正在进行清空操作...
2020-07-14 10:32:41,630 INFO [base.py(base_input:43)] - 元素('xpath', "//*[@index='1' and @class='android.widget.EditText']")正在进行输入操作,内容是13812345678...
2020-07-14 10:32:46,828 INFO [base.py(base_find:22)] - 元素('xpath', "//*[@index='2' and @class='android.widget.EditText']")正在进行定位操作...
2020-07-14 10:32:46,843 INFO [base.py(base_input:40)] - 元素('xpath', "//*[@index='2' and @class='android.widget.EditText']")正在进行清空操作...
2020-07-14 10:32:48,094 INFO [base.py(base_input:43)] - 元素('xpath', "//*[@index='2' and @class='android.widget.EditText']")正在进行输入操作,内容是246810...
2020-07-14 10:32:54,244 INFO [base.py(base_click:54)] - 元素('xpath', "//*[@text='登录' and @class='android.widget.Button']")正在进行点击操作...
2020-07-14 10:32:54,244 INFO [base.py(base_find:22)] - 元素('xpath', "//*[@text='登录' and @class='android.widget.Button']")正在进行定位操作...
2020-07-14 10:32:54,462 INFO [base.py(base_find:22)] - 元素('xpath', "//*[@class='android.widget.HorizontalScrollView']")正在进行定位操作...
2020-07-14 10:32:57,584 INFO [base.py(base_find:22)] - 元素('xpath', "//*[@class='android.widget.HorizontalScrollView']//*[contains(@text,'python')]")正在进行定位操作...
2020-07-14 10:32:59,781 INFO [base.py(base_find:22)] - 元素('xpath', "//*[@index='0' and @bounds='[0,390][1080,1716]']")正在进行定位操作...
2020-07-14 10:33:04,009 INFO [base.py(base_find:22)] - 元素('xpath', "//*[@bounds='[0,390][1080,1716]']")正在进行定位操作...
2020-07-14 10:34:20,022 INFO [base.py(base_find:22)] - 元素('xpath', "//*[@index='1' and @class='android.widget.EditText']")正在进行定位操作...
2020-07-14 10:34:23,832 INFO [base.py(base_input:40)] - 元素('xpath', "//*[@index='1' and @class='android.widget.EditText']")正在进行清空操作...
2020-07-14 10:34:25,234 INFO [base.py(base_input:43)] - 元素('xpath', "//*[@index='1' and @class='android.widget.EditText']")正在进行输入操作,内容是13812345678...
2020-07-14 10:34:30,030 INFO [base.py(base_find:22)] - 元素('xpath', "//*[@index='2' and @class='android.widget.EditText']")正在进行定位操作...
2020-07-14 10:34:30,048 INFO [base.py(base_input:40)] - 元素('xpath', "//*[@index='2' and @class='android.widget.EditText']")正在进行清空操作...
2020-07-14 10:34:31,230 INFO [base.py(base_input:43)] - 元素('xpath', "//*[@index='2' and @class='android.widget.EditText']")正在进行输入操作,内容是246810...
2020-07-14 10:34:36,906 INFO [base.py(base_click:54)] - 元素('xpath', "//*[@text='登录' and @class='android.widget.Button']")正在进行点击操作...
2020-07-14 10:34:36,906 INFO [base.py(base_find:22)] - 元素('xpath', "//*[@text='登录' and @class='android.widget.Button']")正在进行定位操作...
2020-07-14 10:34:37,143 INFO [base.py(base_find:22)] - 元素('xpath', "//*[@class='android.widget.HorizontalScrollView']")正在进行定位操作...
2020-07-14 10:34:40,575 INFO [base.py(base_find:22)] - 元素('xpath', "//*[@class='android.widget.HorizontalScrollView']//*[contains(@text,'python')]")正在进行定位操作...
2020-07-14 10:34:42,825 INFO [base.py(base_find:22)] - 元素('xpath', "//*[@index='0' and @bounds='[0,390][1080,1716]']")正在进行定位操作...
2020-07-14 10:34:47,263 INFO [base.py(base_find:22)] - 元素('xpath', "//*[@bounds='[0,390][1080,1716]']//*[contains(@text,'unix')]")正在进行定位操作...
2020-07-14 10:34:53,950 INFO [base.py(base_find:22)] - 元素('xpath', "//*[@bounds='[0,390][1080,1716]']//*[contains(@text,'unix')]")正在进行定位操作...
2020-07-14 10:35:00,599 INFO [base.py(base_find:22)] - 元素('xpath', "//*[@bounds='[0,390][1080,1716]']//*[contains(@text,'unix')]")正在进行定位操作...
2020-07-14 10:35:07,297 INFO [base.py(base_find:22)] - 元素('xpath', "//*[@bounds='[0,390][1080,1716]']//*[contains(@text,'unix')]")正在进行定位操作...
2020-07-14 10:35:14,003 INFO [base.py(base_find:22)] - 元素('xpath', "//*[@bounds='[0,390][1080,1716]']//*[contains(@text,'unix')]")正在进行定位操作...
2020-07-14 10:35:20,689 INFO [base.py(base_find:22)] - 元素('xpath', "//*[@bounds='[0,390][1080,1716]']//*[contains(@text,'unix')]")正在进行定位操作...
2020-07-14 10:35:27,492 INFO [base.py(base_find:22)] - 元素('xpath', "//*[@bounds='[0,390][1080,1716]']//*[contains(@text,'unix')]")正在进行定位操作...
2020-07-14 10:35:34,215 INFO [base.py(base_find:22)] - 元素('xpath', "//*[@bounds='[0,390][1080,1716]']//*[contains(@text,'unix')]")正在进行定位操作...
2020-07-14 10:35:40,962 INFO [base.py(base_find:22)] - 元素('xpath', "//*[@bounds='[0,390][1080,1716]']//*[contains(@text,'unix')]")正在进行定位操作...
2020-07-14 10:35:47,612 INFO [base.py(base_find:22)] - 元素('xpath', "//*[@bounds='[0,390][1080,1716]']//*[contains(@text,'unix')]")正在进行定位操作...
2020-07-14 10:35:54,324 INFO [base.py(base_find:22)] - 元素('xpath', "//*[@bounds='[0,390][1080,1716]']//*[contains(@text,'unix')]")正在进行定位操作...
2020-07-14 10:36:01,147 INFO [base.py(base_find:22)] - 元素('xpath', "//*[@bounds='[0,390][1080,1716]']//*[contains(@text,'unix')]")正在进行定位操作...
2020-07-14 10:36:07,888 INFO [base.py(base_find:22)] - 元素('xpath', "//*[@bounds='[0,390][1080,1716]']//*[contains(@text,'unix')]")正在进行定位操作...
2020-07-14 10:36:14,613 INFO [base.py(base_find:22)] - 元素('xpath', "//*[@bounds='[0,390][1080,1716]']//*[contains(@text,'unix')]")正在进行定位操作...
2020-07-14 10:36:21,313 INFO [base.py(base_find:22)] - 元素('xpath', "//*[@bounds='[0,390][1080,1716]']//*[contains(@text,'unix')]")正在进行定位操作...
2020-07-14 10:36:28,036 INFO [base.py(base_find:22)] - 元素('xpath', "//*[@bounds='[0,390][1080,1716]']//*[contains(@text,'unix')]")正在进行定位操作...
2020-07-14 10:36:34,723 INFO [base.py(base_find:22)] - 元素('xpath', "//*[@bounds='[0,390][1080,1716]']//*[contains(@text,'unix')]")正在进行定位操作...
2020-07-14 10:36:41,474 INFO [base.py(base_find:22)] - 元素('xpath', "//*[@bounds='[0,390][1080,1716]']//*[contains(@text,'unix')]")正在进行定位操作...
2020-07-14 10:36:48,197 INFO [base.py(base_find:22)] - 元素('xpath', "//*[@bounds='[0,390][1080,1716]']//*[contains(@text,'unix')]")正在进行定位操作...
2020-07-14 10:36:54,982 INFO [base.py(base_find:22)] - 元素('xpath', "//*[@bounds='[0,390][1080,1716]']//*[contains(@text,'unix')]")正在进行定位操作...
2020-07-14 10:37:01,761 INFO [base.py(base_find:22)] - 元素('xpath', "//*[@bounds='[0,390][1080,1716]']//*[contains(@text,'unix')]")正在进行定位操作...
2020-07-14 10:37:08,536 INFO [base.py(base_find:22)] - 元素('xpath', "//*[@bounds='[0,390][1080,1716]']//*[contains(@text,'unix')]")正在进行定位操作...
2020-07-14 10:37:15,248 INFO [base.py(base_find:22)] - 元素('xpath', "//*[@bounds='[0,390][1080,1716]']//*[contains(@text,'unix')]")正在进行定位操作...
2020-07-14 10:37:22,007 INFO [base.py(base_find:22)] - 元素('xpath', "//*[@bounds='[0,390][1080,1716]']//*[contains(@text,'unix')]")正在进行定位操作...
2020-07-14 10:37:28,666 INFO [base.py(base_find:22)] - 元素('xpath', "//*[@bounds='[0,390][1080,1716]']//*[contains(@text,'unix')]")正在进行定位操作...
2020-07-14 10:37:35,377 INFO [base.py(base_find:22)] - 元素('xpath', "//*[@bounds='[0,390][1080,1716]']//*[contains(@text,'unix')]")正在进行定位操作...
2020-07-14 10:37:42,124 INFO [base.py(base_find:22)] - 元素('xpath', "//*[@bounds='[0,390][1080,1716]']//*[contains(@text,'unix')]")正在进行定位操作...
2020-07-14 10:37:48,911 INFO [base.py(base_find:22)] - 元素('xpath', "//*[@bounds='[0,390][1080,1716]']//*[contains(@text,'unix')]")正在进行定位操作...
2020-07-14 10:37:55,641 INFO [base.py(base_find:22)] - 元素('xpath', "//*[@bounds='[0,390][1080,1716]']//*[contains(@text,'unix')]")正在进行定位操作...
2020-07-14 10:38:02,235 INFO [base.py(base_find:22)] - 元素('xpath', "//*[@bounds='[0,390][1080,1716]']//*[contains(@text,'unix')]")正在进行定位操作...
2020-07-14 10:38:08,900 INFO [base.py(base_find:22)] - 元素('xpath', "//*[@bounds='[0,390][1080,1716]']//*[contains(@text,'unix')]")正在进行定位操作...
2020-07-14 10:38:15,531 INFO [base.py(base_find:22)] - 元素('xpath', "//*[@bounds='[0,390][1080,1716]']//*[contains(@text,'unix')]")正在进行定位操作...
2020-07-14 10:38:22,216 INFO [base.py(base_find:22)] - 元素('xpath', "//*[@bounds='[0,390][1080,1716]']//*[contains(@text,'unix')]")正在进行定位操作...
2020-07-14 10:38:28,881 INFO [base.py(base_find:22)] - 元素('xpath', "//*[@bounds='[0,390][1080,1716]']//*[contains(@text,'unix')]")正在进行定位操作...
2020-07-14 10:38:35,501 INFO [base.py(base_find:22)] - 元素('xpath', "//*[@bounds='[0,390][1080,1716]']//*[contains(@text,'unix')]")正在进行定位操作...
2020-07-14 10:38:42,164 INFO [base.py(base_find:22)] - 元素('xpath', "//*[@bounds='[0,390][1080,1716]']//*[contains(@text,'unix')]")正在进行定位操作...
2020-07-14 10:38:48,810 INFO [base.py(base_find:22)] - 元素('xpath', "//*[@bounds='[0,390][1080,1716]']//*[contains(@text,'unix')]")正在进行定位操作...
2020-07-14 10:38:55,461 INFO [base.py(base_find:22)] - 元素('xpath', "//*[@bounds='[0,390][1080,1716]']//*[contains(@text,'unix')]")正在进行定位操作...
2020-07-14 10:39:02,138 INFO [base.py(base_find:22)] - 元素('xpath', "//*[@bounds='[0,390][1080,1716]']//*[contains(@text,'unix')]")正在进行定位操作...
2020-07-14 10:39:08,738 INFO [base.py(base_find:22)] - 元素('xpath', "//*[@bounds='[0,390][1080,1716]']//*[contains(@text,'unix')]")正在进行定位操作...
2020-07-14 10:39:15,450 INFO [base.py(base_find:22)] - 元素('xpath', "//*[@bounds='[0,390][1080,1716]']//*[contains(@text,'unix')]")正在进行定位操作...
2020-07-14 10:39:22,088 INFO [base.py(base_find:22)] - 元素('xpath', "//*[@bounds='[0,390][1080,1716]']//*[contains(@text,'unix')]")正在进行定位操作...
2020-07-14 10:39:28,745 INFO [base.py(base_find:22)] - 元素('xpath', "//*[@bounds='[0,390][1080,1716]']//*[contains(@text,'unix')]")正在进行定位操作...
2020-07-14 10:39:35,335 INFO [base.py(base_find:22)] - 元素('xpath', "//*[@bounds='[0,390][1080,1716]']//*[contains(@text,'unix')]")正在进行定位操作...
2020-07-14 10:39:41,985 INFO [base.py(base_find:22)] - 元素('xpath', "//*[@bounds='[0,390][1080,1716]']//*[contains(@text,'unix')]")正在进行定位操作...
2020-07-14 10:39:48,638 INFO [base.py(base_find:22)] - 元素('xpath', "//*[@bounds='[0,390][1080,1716]']//*[contains(@text,'unix')]")正在进行定位操作...
2020-07-14 10:39:55,296 INFO [base.py(base_find:22)] - 元素('xpath', "//*[@bounds='[0,390][1080,1716]']//*[contains(@text,'unix')]")正在进行定位操作...
2020-07-14 10:40:02,036 INFO [base.py(base_find:22)] - 元素('xpath', "//*[@bounds='[0,390][1080,1716]']//*[contains(@text,'unix')]")正在进行定位操作...
2020-07-14 10:40:08,668 INFO [base.py(base_find:22)] - 元素('xpath', "//*[@bounds='[0,390][1080,1716]']//*[contains(@text,'unix')]")正在进行定位操作...
2020-07-14 10:40:15,317 INFO [base.py(base_find:22)] - 元素('xpath', "//*[@bounds='[0,390][1080,1716]']//*[contains(@text,'unix')]")正在进行定位操作...
2020-07-14 10:40:22,014 INFO [base.py(base_find:22)] - 元素('xpath', "//*[@bounds='[0,390][1080,1716]']//*[contains(@text,'unix')]")正在进行定位操作...
2020-07-14 10:40:28,758 INFO [base.py(base_find:22)] - 元素('xpath', "//*[@bounds='[0,390][1080,1716]']//*[contains(@text,'unix')]")正在进行定位操作...
2020-07-14 10:40:35,415 INFO [base.py(base_find:22)] - 元素('xpath', "//*[@bounds='[0,390][1080,1716]']//*[contains(@text,'unix')]")正在进行定位操作...
2020-07-14 10:40:42,078 INFO [base.py(base_find:22)] - 元素('xpath', "//*[@bounds='[0,390][1080,1716]']//*[contains(@text,'unix')]")正在进行定位操作...
2020-07-14 10:40:48,749 INFO [base.py(base_find:22)] - 元素('xpath', "//*[@bounds='[0,390][1080,1716]']//*[contains(@text,'unix')]")正在进行定位操作...
2020-07-14 10:40:55,417 INFO [base.py(base_find:22)] - 元素('xpath', "//*[@bounds='[0,390][1080,1716]']//*[contains(@text,'unix')]")正在进行定位操作...
2020-07-14 10:41:02,065 INFO [base.py(base_find:22)] - 元素('xpath', "//*[@bounds='[0,390][1080,1716]']//*[contains(@text,'unix')]")正在进行定位操作...
2020-07-14 10:41:08,724 INFO [base.py(base_find:22)] - 元素('xpath', "//*[@bounds='[0,390][1080,1716]']//*[contains(@text,'unix')]")正在进行定位操作...
2020-07-14 10:41:15,318 INFO [base.py(base_find:22)] - 元素('xpath', "//*[@bounds='[0,390][1080,1716]']//*[contains(@text,'unix')]")正在进行定位操作...
2020-07-14 10:41:21,986 INFO [base.py(base_find:22)] - 元素('xpath', "//*[@bounds='[0,390][1080,1716]']//*[contains(@text,'unix')]")正在进行定位操作...
2020-07-14 10:41:28,694 INFO [base.py(base_find:22)] - 元素('xpath', "//*[@bounds='[0,390][1080,1716]']//*[contains(@text,'unix')]")正在进行定位操作...
2020-07-14 10:41:35,385 INFO [base.py(base_find:22)] - 元素('xpath', "//*[@bounds='[0,390][1080,1716]']//*[contains(@text,'unix')]")正在进行定位操作...
2020-07-14 10:41:42,083 INFO [base.py(base_find:22)] - 元素('xpath', "//*[@bounds='[0,390][1080,1716]']//*[contains(@text,'unix')]")正在进行定位操作...
2020-07-14 10:41:48,756 INFO [base.py(base_find:22)] - 元素('xpath', "//*[@bounds='[0,390][1080,1716]']//*[contains(@text,'unix')]")正在进行定位操作...
2020-07-14 10:41:55,362 INFO [base.py(base_find:22)] - 元素('xpath', "//*[@bounds='[0,390][1080,1716]']//*[contains(@text,'unix')]")正在进行定位操作...
2020-07-14 10:42:01,973 INFO [base.py(base_find:22)] - 元素('xpath', "//*[@bounds='[0,390][1080,1716]']//*[contains(@text,'unix')]")正在进行定位操作...
2020-07-14 10:42:08,651 INFO [base.py(base_find:22)] - 元素('xpath', "//*[@bounds='[0,390][1080,1716]']//*[contains(@text,'unix')]")正在进行定位操作...
2020-07-14 10:42:15,379 INFO [base.py(base_find:22)] - 元素('xpath', "//*[@bounds='[0,390][1080,1716]']//*[contains(@text,'unix')]")正在进行定位操作...
2020-07-14 10:42:22,083 INFO [base.py(base_find:22)] - 元素('xpath', "//*[@bounds='[0,390][1080,1716]']//*[contains(@text,'unix')]")正在进行定位操作...
2020-07-14 10:42:28,785 INFO [base.py(base_find:22)] - 元素('xpath', "//*[@bounds='[0,390][1080,1716]']//*[contains(@text,'unix')]")正在进行定位操作...
2020-07-14 10:42:35,518 INFO [base.py(base_find:22)] - 元素('xpath', "//*[@bounds='[0,390][1080,1716]']//*[contains(@text,'unix')]")正在进行定位操作...
2020-07-14 10:42:42,314 INFO [base.py(base_find:22)] - 元素('xpath', "//*[@bounds='[0,390][1080,1716]']//*[contains(@text,'unix')]")正在进行定位操作...
2020-07-14 10:42:48,937 INFO [base.py(base_find:22)] - 元素('xpath', "//*[@bounds='[0,390][1080,1716]']//*[contains(@text,'unix')]")正在进行定位操作...
2020-07-14 10:42:55,656 INFO [base.py(base_find:22)] - 元素('xpath', "//*[@bounds='[0,390][1080,1716]']//*[contains(@text,'unix')]")正在进行定位操作...
2020-07-14 10:43:02,281 INFO [base.py(base_find:22)] - 元素('xpath', "//*[@bounds='[0,390][1080,1716]']//*[contains(@text,'unix')]")正在进行定位操作...
2020-07-14 10:43:32,065 INFO [base.py(base_find:22)] - 元素('xpath', "//*[@index='1' and @class='android.widget.EditText']")正在进行定位操作...
2020-07-14 10:43:35,573 INFO [base.py(base_input:40)] - 元素('xpath', "//*[@index='1' and @class='android.widget.EditText']")正在进行清空操作...
2020-07-14 10:43:37,139 INFO [base.py(base_input:43)] - 元素('xpath', "//*[@index='1' and @class='android.widget.EditText']")正在进行输入操作,内容是13812345678...
2020-07-14 10:43:41,914 INFO [base.py(base_find:22)] - 元素('xpath', "//*[@index='2' and @class='android.widget.EditText']")正在进行定位操作...
2020-07-14 10:43:41,935 INFO [base.py(base_input:40)] - 元素('xpath', "//*[@index='2' and @class='android.widget.EditText']")正在进行清空操作...
2020-07-14 10:43:43,178 INFO [base.py(base_input:43)] - 元素('xpath', "//*[@index='2' and @class='android.widget.EditText']")正在进行输入操作,内容是246810...
2020-07-14 10:43:48,871 INFO [base.py(base_click:54)] - 元素('xpath', "//*[@text='登录' and @class='android.widget.Button']")正在进行点击操作...
2020-07-14 10:43:48,871 INFO [base.py(base_find:22)] - 元素('xpath', "//*[@text='登录' and @class='android.widget.Button']")正在进行定位操作...
2020-07-14 10:43:52,064 INFO [base.py(base_find:22)] - 元素('xpath', "//*[@class='android.widget.HorizontalScrollView']")正在进行定位操作...
2020-07-14 10:53:07,680 INFO [base.py(base_find:22)] - 元素('xpath', "//*[@index='1' and @class='android.widget.EditText']")正在进行定位操作...
2020-07-14 10:53:11,189 INFO [base.py(base_input:40)] - 元素('xpath', "//*[@index='1' and @class='android.widget.EditText']")正在进行清空操作...
2020-07-14 10:53:12,559 INFO [base.py(base_input:43)] - 元素('xpath', "//*[@index='1' and @class='android.widget.EditText']")正在进行输入操作,内容是13812345678...
2020-07-14 10:53:17,306 INFO [base.py(base_find:22)] - 元素('xpath', "//*[@index='2' and @class='android.widget.EditText']")正在进行定位操作...
2020-07-14 10:53:17,326 INFO [base.py(base_input:40)] - 元素('xpath', "//*[@index='2' and @class='android.widget.EditText']")正在进行清空操作...
2020-07-14 10:53:18,557 INFO [base.py(base_input:43)] - 元素('xpath', "//*[@index='2' and @class='android.widget.EditText']")正在进行输入操作,内容是246810...
2020-07-14 10:53:24,293 INFO [base.py(base_click:54)] - 元素('xpath', "//*[@text='登录' and @class='android.widget.Button']")正在进行点击操作...
2020-07-14 10:53:24,293 INFO [base.py(base_find:22)] - 元素('xpath', "//*[@text='登录' and @class='android.widget.Button']")正在进行定位操作...
2020-07-14 10:53:24,543 INFO [base.py(base_find:22)] - 元素('xpath', "//*[@class='android.widget.HorizontalScrollView']")正在进行定位操作...
2020-07-14 10:53:28,233 INFO [base.py(base_find:22)] - 元素('xpath', "//*[@class='android.widget.HorizontalScrollView']//*[contains(@text,'linux')]")正在进行定位操作...
2020-07-14 10:53:33,912 INFO [base.py(base_find:22)] - 元素('xpath', "//*[@class='android.widget.HorizontalScrollView']//*[contains(@text,'linux')]")正在进行定位操作...
2020-07-14 10:53:39,489 INFO [base.py(base_find:22)] - 元素('xpath', "//*[@class='android.widget.HorizontalScrollView']//*[contains(@text,'linux')]")正在进行定位操作...
2020-07-14 10:53:45,089 INFO [base.py(base_find:22)] - 元素('xpath', "//*[@class='android.widget.HorizontalScrollView']//*[contains(@text,'linux')]")正在进行定位操作...
2020-07-14 10:53:50,790 INFO [base.py(base_find:22)] - 元素('xpath', "//*[@class='android.widget.HorizontalScrollView']//*[contains(@text,'linux')]")正在进行定位操作...
2020-07-14 10:53:56,495 INFO [base.py(base_find:22)] - 元素('xpath', "//*[@class='android.widget.HorizontalScrollView']//*[contains(@text,'linux')]")正在进行定位操作...
2020-07-14 10:53:58,668 INFO [base.py(base_find:22)] - 元素('xpath', "//*[@index='0' and @bounds='[0,390][1080,1716]']")正在进行定位操作...
2020-07-14 10:54:02,563 INFO [base.py(base_find:22)] - 元素('xpath', "//*[@bounds='[0,390][1080,1716]']//*[contains(@text,'linux')]")正在进行定位操作...
2020-07-14 10:56:26,313 INFO [base.py(base_find:22)] - 元素('xpath', "//*[@index='1' and @class='android.widget.EditText']")正在进行定位操作...
2020-07-14 10:56:29,815 INFO [base.py(base_input:40)] - 元素('xpath', "//*[@index='1' and @class='android.widget.EditText']")正在进行清空操作...
2020-07-14 10:56:31,207 INFO [base.py(base_input:43)] - 元素('xpath', "//*[@index='1' and @class='android.widget.EditText']")正在进行输入操作,内容是13812345678...
2020-07-14 10:56:36,089 INFO [base.py(base_find:22)] - 元素('xpath', "//*[@index='2' and @class='android.widget.EditText']")正在进行定位操作...
2020-07-14 10:56:36,109 INFO [base.py(base_input:40)] - 元素('xpath', "//*[@index='2' and @class='android.widget.EditText']")正在进行清空操作...
2020-07-14 10:56:37,389 INFO [base.py(base_input:43)] - 元素('xpath', "//*[@index='2' and @class='android.widget.EditText']")正在进行输入操作,内容是246810...
2020-07-14 10:56:43,163 INFO [base.py(base_click:54)] - 元素('xpath', "//*[@text='登录' and @class='android.widget.Button']")正在进行点击操作...
2020-07-14 10:56:43,163 INFO [base.py(base_find:22)] - 元素('xpath', "//*[@text='登录' and @class='android.widget.Button']")正在进行定位操作...
2020-07-14 10:56:43,391 INFO [base.py(base_find:22)] - 元素('xpath', "//*[@class='android.widget.HorizontalScrollView']")正在进行定位操作...
2020-07-14 10:56:47,061 INFO [base.py(base_find:22)] - 元素('xpath', "//*[@class='android.widget.HorizontalScrollView']//*[contains(@text,'linux')]")正在进行定位操作...
2020-07-14 10:56:52,773 INFO [base.py(base_find:22)] - 元素('xpath', "//*[@class='android.widget.HorizontalScrollView']//*[contains(@text,'linux')]")正在进行定位操作...
2020-07-14 10:56:58,469 INFO [base.py(base_find:22)] - 元素('xpath', "//*[@class='android.widget.HorizontalScrollView']//*[contains(@text,'linux')]")正在进行定位操作...
2020-07-14 10:57:04,204 INFO [base.py(base_find:22)] - 元素('xpath', "//*[@class='android.widget.HorizontalScrollView']//*[contains(@text,'linux')]")正在进行定位操作...
2020-07-14 10:57:09,868 INFO [base.py(base_find:22)] - 元素('xpath', "//*[@class='android.widget.HorizontalScrollView']//*[contains(@text,'linux')]")正在进行定位操作...
2020-07-14 10:57:15,585 INFO [base.py(base_find:22)] - 元素('xpath', "//*[@class='android.widget.HorizontalScrollView']//*[contains(@text,'linux')]")正在进行定位操作...
2020-07-14 10:57:17,825 INFO [base.py(base_find:22)] - 元素('xpath', "//*[@index='0' and @bounds='[0,390][1080,1716]']")正在进行定位操作...
2020-07-14 10:57:22,705 INFO [base.py(base_find:22)] - 元素('xpath', "//*[@bounds='[0,390][1080,1716]']//*[contains(@text,'linux')]")正在进行定位操作...
2020-07-14 11:06:10,128 INFO [base.py(base_find:22)] - 元素('xpath', "//*[@index='1' and @class='android.widget.EditText']")正在进行定位操作...
2020-07-14 11:06:13,679 INFO [base.py(base_input:40)] - 元素('xpath', "//*[@index='1' and @class='android.widget.EditText']")正在进行清空操作...
2020-07-14 11:06:15,096 INFO [base.py(base_input:43)] - 元素('xpath', "//*[@index='1' and @class='android.widget.EditText']")正在进行输入操作,内容是13812345678...
2020-07-14 11:06:19,897 INFO [base.py(base_find:22)] - 元素('xpath', "//*[@index='2' and @class='android.widget.EditText']")正在进行定位操作...
2020-07-14 11:06:19,915 INFO [base.py(base_input:40)] - 元素('xpath', "//*[@index='2' and @class='android.widget.EditText']")正在进行清空操作...
2020-07-14 11:06:21,377 INFO [base.py(base_input:43)] - 元素('xpath', "//*[@index='2' and @class='android.widget.EditText']")正在进行输入操作,内容是246810...
2020-07-14 11:06:27,550 INFO [base.py(base_click:54)] - 元素('xpath', "//*[@text='登录' and @class='android.widget.Button']")正在进行点击操作...
2020-07-14 11:06:27,550 INFO [base.py(base_find:22)] - 元素('xpath', "//*[@text='登录' and @class='android.widget.Button']")正在进行定位操作...
2020-07-14 11:06:27,773 INFO [base.py(base_find:22)] - 元素('xpath', "//*[@class='android.widget.HorizontalScrollView']")正在进行定位操作...
2020-07-14 11:06:31,468 INFO [base.py(base_find:22)] - 元素('xpath', "//*[@class='android.widget.HorizontalScrollView']//*[contains(@text,'linux')]")正在进行定位操作...
2020-07-14 11:06:37,089 INFO [base.py(base_find:22)] - 元素('xpath', "//*[@class='android.widget.HorizontalScrollView']//*[contains(@text,'linux')]")正在进行定位操作...
2020-07-14 11:06:42,739 INFO [base.py(base_find:22)] - 元素('xpath', "//*[@class='android.widget.HorizontalScrollView']//*[contains(@text,'linux')]")正在进行定位操作...
2020-07-14 11:06:48,346 INFO [base.py(base_find:22)] - 元素('xpath', "//*[@class='android.widget.HorizontalScrollView']//*[contains(@text,'linux')]")正在进行定位操作...
2020-07-14 11:06:54,047 INFO [base.py(base_find:22)] - 元素('xpath', "//*[@class='android.widget.HorizontalScrollView']//*[contains(@text,'linux')]")正在进行定位操作...
2020-07-14 11:06:59,676 INFO [base.py(base_find:22)] - 元素('xpath', "//*[@class='android.widget.HorizontalScrollView']//*[contains(@text,'linux')]")正在进行定位操作...
2020-07-14 11:07:01,867 INFO [base.py(base_find:22)] - 元素('xpath', "//*[@index='0' and @bounds='[0,390][1080,1716]']")正在进行定位操作...
2020-07-14 11:07:05,904 INFO [base.py(base_find:22)] - 元素('xpath', "//*[@bounds='[0,390][1080,1716]']//*[contains(@text,'Centos')]")正在进行定位操作...
2020-07-14 11:07:12,532 INFO [base.py(base_find:22)] - 元素('xpath', "//*[@bounds='[0,390][1080,1716]']//*[contains(@text,'Centos')]")正在进行定位操作...
2020-07-14 11:07:19,172 INFO [base.py(base_find:22)] - 元素('xpath', "//*[@bounds='[0,390][1080,1716]']//*[contains(@text,'Centos')]")正在进行定位操作...
2020-07-14 11:07:25,849 INFO [base.py(base_find:22)] - 元素('xpath', "//*[@bounds='[0,390][1080,1716]']//*[contains(@text,'Centos')]")正在进行定位操作...
2020-07-14 11:07:32,529 INFO [base.py(base_find:22)] - 元素('xpath', "//*[@bounds='[0,390][1080,1716]']//*[contains(@text,'Centos')]")正在进行定位操作...
2020-07-14 11:07:39,115 INFO [base.py(base_find:22)] - 元素('xpath', "//*[@bounds='[0,390][1080,1716]']//*[contains(@text,'Centos')]")正在进行定位操作...
2020-07-14 11:07:45,692 INFO [base.py(base_find:22)] - 元素('xpath', "//*[@bounds='[0,390][1080,1716]']//*[contains(@text,'Centos')]")正在进行定位操作...
2020-07-14 11:07:52,294 INFO [base.py(base_find:22)] - 元素('xpath', "//*[@bounds='[0,390][1080,1716]']//*[contains(@text,'Centos')]")正在进行定位操作...
2020-07-14 11:07:58,919 INFO [base.py(base_find:22)] - 元素('xpath', "//*[@bounds='[0,390][1080,1716]']//*[contains(@text,'Centos')]")正在进行定位操作...
2020-07-14 11:08:05,546 INFO [base.py(base_find:22)] - 元素('xpath', "//*[@bounds='[0,390][1080,1716]']//*[contains(@text,'Centos')]")正在进行定位操作...
2020-07-14 11:08:12,168 INFO [base.py(base_find:22)] - 元素('xpath', "//*[@bounds='[0,390][1080,1716]']//*[contains(@text,'Centos')]")正在进行定位操作...
2020-07-14 11:08:18,846 INFO [base.py(base_find:22)] - 元素('xpath', "//*[@bounds='[0,390][1080,1716]']//*[contains(@text,'Centos')]")正在进行定位操作...
2020-07-14 11:08:25,473 INFO [base.py(base_find:22)] - 元素('xpath', "//*[@bounds='[0,390][1080,1716]']//*[contains(@text,'Centos')]")正在进行定位操作...
2020-07-14 11:08:32,064 INFO [base.py(base_find:22)] - 元素('xpath', "//*[@bounds='[0,390][1080,1716]']//*[contains(@text,'Centos')]")正在进行定位操作...
2020-07-14 11:08:47,343 INFO [base.py(base_find:22)] - 元素('xpath', "//*[@index='1' and @class='android.widget.EditText']")正在进行定位操作...
2020-07-14 11:08:51,201 INFO [base.py(base_input:40)] - 元素('xpath', "//*[@index='1' and @class='android.widget.EditText']")正在进行清空操作...
2020-07-14 11:08:52,592 INFO [base.py(base_input:43)] - 元素('xpath', "//*[@index='1' and @class='android.widget.EditText']")正在进行输入操作,内容是13812345678...
2020-07-14 11:08:57,352 INFO [base.py(base_find:22)] - 元素('xpath', "//*[@index='2' and @class='android.widget.EditText']")正在进行定位操作...
2020-07-14 11:08:57,378 INFO [base.py(base_input:40)] - 元素('xpath', "//*[@index='2' and @class='android.widget.EditText']")正在进行清空操作...
2020-07-14 11:08:58,632 INFO [base.py(base_input:43)] - 元素('xpath', "//*[@index='2' and @class='android.widget.EditText']")正在进行输入操作,内容是246810...
2020-07-14 11:09:04,351 INFO [base.py(base_click:54)] - 元素('xpath', "//*[@text='登录' and @class='android.widget.Button']")正在进行点击操作...
2020-07-14 11:09:04,351 INFO [base.py(base_find:22)] - 元素('xpath', "//*[@text='登录' and @class='android.widget.Button']")正在进行定位操作...
2020-07-14 11:09:07,520 INFO [base.py(base_find:22)] - 元素('xpath', "//*[@class='android.widget.HorizontalScrollView']")正在进行定位操作...
2020-07-14 11:09:37,862 ERROR [test06_app_article.py(test_app_article:32)] - 未找到
2020-07-14 11:09:37,862 ERROR [base.py(base_get_img:77)] - 断言失败,正在截图...
2020-07-14 11:09:50,339 INFO [base.py(base_find:22)] - 元素('xpath', "//*[@index='1' and @class='android.widget.EditText']")正在进行定位操作...
2020-07-14 11:09:54,031 INFO [base.py(base_input:40)] - 元素('xpath', "//*[@index='1' and @class='android.widget.EditText']")正在进行清空操作...
2020-07-14 11:09:55,492 INFO [base.py(base_input:43)] - 元素('xpath', "//*[@index='1' and @class='android.widget.EditText']")正在进行输入操作,内容是13812345678...
2020-07-14 11:10:00,328 INFO [base.py(base_find:22)] - 元素('xpath', "//*[@index='2' and @class='android.widget.EditText']")正在进行定位操作...
2020-07-14 11:10:00,348 INFO [base.py(base_input:40)] - 元素('xpath', "//*[@index='2' and @class='android.widget.EditText']")正在进行清空操作...
2020-07-14 11:10:01,608 INFO [base.py(base_input:43)] - 元素('xpath', "//*[@index='2' and @class='android.widget.EditText']")正在进行输入操作,内容是246810...
2020-07-14 11:10:07,306 INFO [base.py(base_click:54)] - 元素('xpath', "//*[@text='登录' and @class='android.widget.Button']")正在进行点击操作...
2020-07-14 11:10:07,306 INFO [base.py(base_find:22)] - 元素('xpath', "//*[@text='登录' and @class='android.widget.Button']")正在进行定位操作...
2020-07-14 11:10:07,555 INFO [base.py(base_find:22)] - 元素('xpath', "//*[@class='android.widget.HorizontalScrollView']")正在进行定位操作...
2020-07-14 11:10:11,188 INFO [base.py(base_find:22)] - 元素('xpath', "//*[@class='android.widget.HorizontalScrollView']//*[contains(@text,'linux')]")正在进行定位操作...
2020-07-14 11:10:16,919 INFO [base.py(base_find:22)] - 元素('xpath', "//*[@class='android.widget.HorizontalScrollView']//*[contains(@text,'linux')]")正在进行定位操作...
2020-07-14 11:10:22,527 INFO [base.py(base_find:22)] - 元素('xpath', "//*[@class='android.widget.HorizontalScrollView']//*[contains(@text,'linux')]")正在进行定位操作...
2020-07-14 11:10:28,230 INFO [base.py(base_find:22)] - 元素('xpath', "//*[@class='android.widget.HorizontalScrollView']//*[contains(@text,'linux')]")正在进行定位操作...
2020-07-14 11:10:33,887 INFO [base.py(base_find:22)] - 元素('xpath', "//*[@class='android.widget.HorizontalScrollView']//*[contains(@text,'linux')]")正在进行定位操作...
2020-07-14 11:10:39,496 INFO [base.py(base_find:22)] - 元素('xpath', "//*[@class='android.widget.HorizontalScrollView']//*[contains(@text,'linux')]")正在进行定位操作...
2020-07-14 11:10:41,669 INFO [base.py(base_find:22)] - 元素('xpath', "//*[@index='0' and @bounds='[0,390][1080,1716]']")正在进行定位操作...
2020-07-14 11:10:45,805 INFO [base.py(base_find:22)] - 元素('xpath', "//*[@bounds='[0,390][1080,1716]']//*[contains(@text,'centos')]")正在进行定位操作...
2020-07-14 11:10:52,439 INFO [base.py(base_find:22)] - 元素('xpath', "//*[@bounds='[0,390][1080,1716]']//*[contains(@text,'centos')]")正在进行定位操作...
2020-07-14 11:10:59,070 INFO [base.py(base_find:22)] - 元素('xpath', "//*[@bounds='[0,390][1080,1716]']//*[contains(@text,'centos')]")正在进行定位操作...
2020-07-14 11:11:05,685 INFO [base.py(base_find:22)] - 元素('xpath', "//*[@bounds='[0,390][1080,1716]']//*[contains(@text,'centos')]")正在进行定位操作...
2020-07-14 11:11:12,320 INFO [base.py(base_find:22)] - 元素('xpath', "//*[@bounds='[0,390][1080,1716]']//*[contains(@text,'centos')]")正在进行定位操作...
2020-07-14 11:11:19,008 INFO [base.py(base_find:22)] - 元素('xpath', "//*[@bounds='[0,390][1080,1716]']//*[contains(@text,'centos')]")正在进行定位操作...
2020-07-14 11:11:25,866 INFO [base.py(base_find:22)] - 元素('xpath', "//*[@bounds='[0,390][1080,1716]']//*[contains(@text,'centos')]")正在进行定位操作...
2020-07-14 11:11:32,525 INFO [base.py(base_find:22)] - 元素('xpath', "//*[@bounds='[0,390][1080,1716]']//*[contains(@text,'centos')]")正在进行定位操作...
2020-07-14 11:11:39,169 INFO [base.py(base_find:22)] - 元素('xpath', "//*[@bounds='[0,390][1080,1716]']//*[contains(@text,'centos')]")正在进行定位操作...
2020-07-14 11:12:50,735 INFO [page_mp_login.py(page_mp_login:36)] - 正在进行登陆,用户名:13812345678, 验证码:246810 ...
2020-07-14 11:12:50,735 INFO [base.py(base_find:22)] - 元素('css selector', '[placeholder="请输入手机号"]')正在进行定位操作...
2020-07-14 11:12:50,757 INFO [base.py(base_input:40)] - 元素('css selector', '[placeholder="请输入手机号"]')正在进行清空操作...
2020-07-14 11:12:50,834 INFO [base.py(base_input:43)] - 元素('css selector', '[placeholder="请输入手机号"]')正在进行输入操作,内容是13812345678...
2020-07-14 11:12:50,947 INFO [base.py(base_find:22)] - 元素('css selector', '[placeholder="验证码"]')正在进行定位操作...
2020-07-14 11:12:50,959 INFO [base.py(base_input:40)] - 元素('css selector', '[placeholder="验证码"]')正在进行清空操作...
2020-07-14 11:12:50,988 INFO [base.py(base_input:43)] - 元素('css selector', '[placeholder="验证码"]')正在进行输入操作,内容是246810...
2020-07-14 11:12:51,058 INFO [base.py(base_click:54)] - 元素('css selector', '.el-button--primary')正在进行点击操作...
2020-07-14 11:12:51,058 INFO [base.py(base_find:22)] - 元素('css selector', '.el-button--primary')正在进行定位操作...
2020-07-14 11:12:51,443 INFO [base.py(base_find:22)] - 元素('css selector', '.user-name')正在进行定位操作...
2020-07-14 11:12:51,978 INFO [base.py(base_get_text:70)] - 元素('css selector', '.user-name')正在进行获取文本操作,文本是:Xeon...
2020-07-14 11:12:51,979 ERROR [test01_mp_login.py(test_mp_login:39)] - 断言失败,问题是:assert '13812345678' == 'Xeon'
  - 13812345678
  + Xeon...
2020-07-14 11:12:51,979 ERROR [base.py(base_get_img:77)] - 断言失败,正在截图...
2020-07-14 11:12:52,496 ERROR [base.py(__base_write_img:86)] - 断言失败,日志正在附加截图...
2020-07-14 11:13:01,876 INFO [page_mp_login.py(page_mp_login_success:44)] - 正在进行登陆,用户名:13812345678, 验证码:246810 ...
2020-07-14 11:13:01,876 INFO [base.py(base_find:22)] - 元素('css selector', '[placeholder="请输入手机号"]')正在进行定位操作...
2020-07-14 11:13:01,889 INFO [base.py(base_input:40)] - 元素('css selector', '[placeholder="请输入手机号"]')正在进行清空操作...
2020-07-14 11:13:01,926 INFO [base.py(base_input:43)] - 元素('css selector', '[placeholder="请输入手机号"]')正在进行输入操作,内容是13812345678...
2020-07-14 11:13:02,037 INFO [base.py(base_find:22)] - 元素('css selector', '[placeholder="验证码"]')正在进行定位操作...
2020-07-14 11:13:02,048 INFO [base.py(base_input:40)] - 元素('css selector', '[placeholder="验证码"]')正在进行清空操作...
2020-07-14 11:13:02,081 INFO [base.py(base_input:43)] - 元素('css selector', '[placeholder="验证码"]')正在进行输入操作,内容是246810...
2020-07-14 11:13:02,166 INFO [base.py(base_click:54)] - 元素('css selector', '.el-button--primary')正在进行点击操作...
2020-07-14 11:13:02,166 INFO [base.py(base_find:22)] - 元素('css selector', '.el-button--primary')正在进行定位操作...
2020-07-14 11:13:03,294 INFO [base.py(base_click:54)] - 元素('xpath', "//span[text()='内容管理']/..")正在进行点击操作...
2020-07-14 11:13:03,294 INFO [base.py(base_find:22)] - 元素('xpath', "//span[text()='内容管理']/..")正在进行定位操作...
2020-07-14 11:13:03,375 INFO [base.py(base_click:54)] - 元素('xpath', "//*[contains(text(),'发布文章')]")正在进行点击操作...
2020-07-14 11:13:03,375 INFO [base.py(base_find:22)] - 元素('xpath', "//*[contains(text(),'发布文章')]")正在进行定位操作...
2020-07-14 11:13:03,458 INFO [base.py(base_find:22)] - 元素('css selector', '[placeholder="文章名称"]')正在进行定位操作...
2020-07-14 11:13:03,983 INFO [base.py(base_input:40)] - 元素('css selector', '[placeholder="文章名称"]')正在进行清空操作...
2020-07-14 11:13:04,013 INFO [base.py(base_input:43)] - 元素('css selector', '[placeholder="文章名称"]')正在进行输入操作,内容是test01-jsc0713_01...
2020-07-14 11:13:04,257 INFO [base.py(base_find:22)] - 元素('css selector', '#publishTinymce_ifr')正在进行定位操作...
2020-07-14 11:13:04,303 INFO [base.py(base_find:22)] - 元素('css selector', '#tinymce')正在进行定位操作...
2020-07-14 11:13:04,313 INFO [base.py(base_input:40)] - 元素('css selector', '#tinymce')正在进行清空操作...
2020-07-14 11:13:04,334 INFO [base.py(base_input:43)] - 元素('css selector', '#tinymce')正在进行输入操作,内容是今天是个好日子...
2020-07-14 11:13:04,446 INFO [base.py(base_click:54)] - 元素('xpath', "//*[text()='自动']")正在进行点击操作...
2020-07-14 11:13:04,446 INFO [base.py(base_find:22)] - 元素('xpath', "//*[text()='自动']")正在进行定位操作...
2020-07-14 11:13:05,510 INFO [base.py(base_click:54)] - 元素('css selector', "[placeholder='请选择']")正在进行点击操作...
2020-07-14 11:13:05,510 INFO [base.py(base_find:22)] - 元素('css selector', "[placeholder='请选择']")正在进行定位操作...
2020-07-14 11:13:06,640 INFO [base.py(base_click:54)] - 元素('xpath', "//*[text()='数据库']")正在进行点击操作...
2020-07-14 11:13:06,640 INFO [base.py(base_find:22)] - 元素('xpath', "//*[text()='数据库']")正在进行定位操作...
2020-07-14 11:13:06,797 INFO [base.py(base_click:54)] - 元素('xpath', '//*[text()="发表"]/..')正在进行点击操作...
2020-07-14 11:13:06,797 INFO [base.py(base_find:22)] - 元素('xpath', '//*[text()="发表"]/..')正在进行定位操作...
2020-07-14 11:13:06,855 INFO [test02_mp_article.py(test_mp_article:29)] - 给数据库频道添加文章
2020-07-14 11:13:06,855 INFO [base.py(base_find:22)] - 元素('xpath', "//*[contains(text(),'新增文章成功')]")正在进行定位操作...
2020-07-14 11:13:07,387 INFO [base.py(base_get_text:70)] - 元素('xpath', "//*[contains(text(),'新增文章成功')]")正在进行获取文本操作,文本是:新增文章成功...
2020-07-14 11:13:16,469 INFO [base.py(base_find:22)] - 元素('css selector', '[name="username"]')正在进行定位操作...
2020-07-14 11:13:16,483 INFO [base.py(base_input:40)] - 元素('css selector', '[name="username"]')正在进行清空操作...
2020-07-14 11:13:16,516 INFO [base.py(base_input:43)] - 元素('css selector', '[name="username"]')正在进行输入操作,内容是testid...
2020-07-14 11:13:16,574 INFO [base.py(base_find:22)] - 元素('css selector', '[name="password"]')正在进行定位操作...
2020-07-14 11:13:16,584 INFO [base.py(base_input:40)] - 元素('css selector', '[name="password"]')正在进行清空操作...
2020-07-14 11:13:16,610 INFO [base.py(base_input:43)] - 元素('css selector', '[name="password"]')正在进行输入操作,内容是testpwd123...
2020-07-14 11:13:17,665 INFO [base.py(base_click:54)] - 元素('css selector', '#inp1')正在进行点击操作...
2020-07-14 11:13:17,665 INFO [base.py(base_find:22)] - 元素('css selector', '#inp1')正在进行定位操作...
2020-07-14 11:13:17,786 INFO [base.py(base_find:22)] - 元素('css selector', '.user_info')正在进行定位操作...
2020-07-14 11:13:18,422 INFO [base.py(base_get_text:70)] - 元素('css selector', '.user_info')正在进行获取文本操作,文本是:欢迎 管理员...
2020-07-14 11:13:27,430 INFO [base.py(base_find:22)] - 元素('css selector', '[name="username"]')正在进行定位操作...
2020-07-14 11:13:27,444 INFO [base.py(base_input:40)] - 元素('css selector', '[name="username"]')正在进行清空操作...
2020-07-14 11:13:27,476 INFO [base.py(base_input:43)] - 元素('css selector', '[name="username"]')正在进行输入操作,内容是testid...
2020-07-14 11:13:27,541 INFO [base.py(base_find:22)] - 元素('css selector', '[name="password"]')正在进行定位操作...
2020-07-14 11:13:27,551 INFO [base.py(base_input:40)] - 元素('css selector', '[name="password"]')正在进行清空操作...
2020-07-14 11:13:27,580 INFO [base.py(base_input:43)] - 元素('css selector', '[name="password"]')正在进行输入操作,内容是testpwd123...
2020-07-14 11:13:28,650 INFO [base.py(base_click:54)] - 元素('css selector', '#inp1')正在进行点击操作...
2020-07-14 11:13:28,650 INFO [base.py(base_find:22)] - 元素('css selector', '#inp1')正在进行定位操作...
2020-07-14 11:13:29,724 INFO [base.py(base_click:54)] - 元素('xpath', "//*[text()='信息管理']/..")正在进行点击操作...
2020-07-14 11:13:29,724 INFO [base.py(base_find:22)] - 元素('xpath', "//*[text()='信息管理']/..")正在进行定位操作...
2020-07-14 11:13:30,793 INFO [base.py(base_click:54)] - 元素('xpath', "//*[text()='内容审核']/..")正在进行点击操作...
2020-07-14 11:13:30,793 INFO [base.py(base_find:22)] - 元素('xpath', "//*[text()='内容审核']/..")正在进行定位操作...
2020-07-14 11:13:30,939 INFO [base.py(base_find:22)] - 元素('css selector', "[placeholder='请输入: 文章名称']")正在进行定位操作...
2020-07-14 11:13:30,951 INFO [base.py(base_input:40)] - 元素('css selector', "[placeholder='请输入: 文章名称']")正在进行清空操作...
2020-07-14 11:13:30,977 INFO [base.py(base_input:43)] - 元素('css selector', "[placeholder='请输入: 文章名称']")正在进行输入操作,内容是test01-jsc0713_01...
2020-07-14 11:13:31,121 INFO [base.py(base_find:22)] - 元素('css selector', "[placeholder='请输入: 频道']")正在进行定位操作...
2020-07-14 11:13:31,131 INFO [base.py(base_input:40)] - 元素('css selector', "[placeholder='请输入: 频道']")正在进行清空操作...
2020-07-14 11:13:31,159 INFO [base.py(base_input:43)] - 元素('css selector', "[placeholder='请输入: 频道']")正在进行输入操作,内容是数据库...
2020-07-14 11:13:32,209 INFO [base.py(base_click:54)] - 元素('css selector', "[placeholder='请选择状态']")正在进行点击操作...
2020-07-14 11:13:32,209 INFO [base.py(base_find:22)] - 元素('css selector', "[placeholder='请选择状态']")正在进行定位操作...
2020-07-14 11:13:33,315 INFO [base.py(base_click:54)] - 元素('xpath', "//*[text()='待审核']")正在进行点击操作...
2020-07-14 11:13:33,315 INFO [base.py(base_find:22)] - 元素('xpath', "//*[text()='待审核']")正在进行定位操作...
2020-07-14 11:13:33,375 INFO [base.py(base_click:54)] - 元素('css selector', '.find')正在进行点击操作...
2020-07-14 11:13:33,375 INFO [base.py(base_find:22)] - 元素('css selector', '.find')正在进行定位操作...
2020-07-14 11:13:34,439 INFO [base.py(base_find:22)] - 元素('css selector', '.cell>span')正在进行定位操作...
2020-07-14 11:13:34,459 INFO [base.py(base_get_text:70)] - 元素('css selector', '.cell>span')正在进行获取文本操作,文本是:1282631975387004928...
2020-07-14 11:13:34,459 INFO [base.py(base_click:54)] - 元素('xpath', "//*[text()='通过']/..")正在进行点击操作...
2020-07-14 11:13:34,459 INFO [base.py(base_find:22)] - 元素('xpath', "//*[text()='通过']/..")正在进行定位操作...
2020-07-14 11:13:35,550 INFO [base.py(base_click:54)] - 元素('css selector', '.el-button--primary')正在进行点击操作...
2020-07-14 11:13:35,550 INFO [base.py(base_find:22)] - 元素('css selector', '.el-button--primary')正在进行定位操作...
2020-07-14 11:13:37,625 INFO [base.py(base_click:54)] - 元素('css selector', "[placeholder='请选择状态']")正在进行点击操作...
2020-07-14 11:13:37,625 INFO [base.py(base_find:22)] - 元素('css selector', "[placeholder='请选择状态']")正在进行定位操作...
2020-07-14 11:13:38,754 INFO [base.py(base_click:54)] - 元素('xpath', "//*[text()='审核通过']")正在进行点击操作...
2020-07-14 11:13:38,754 INFO [base.py(base_find:22)] - 元素('xpath', "//*[text()='审核通过']")正在进行定位操作...
2020-07-14 11:13:38,840 INFO [base.py(base_click:54)] - 元素('css selector', '.find')正在进行点击操作...
2020-07-14 11:13:38,841 INFO [base.py(base_find:22)] - 元素('css selector', '.find')正在进行定位操作...
2020-07-14 11:13:39,885 INFO [base.py(base_find:22)] - 元素('xpath', "//*[contains(text(),'1282631975387004928')]")正在进行定位操作...
2020-07-14 11:13:48,800 INFO [base.py(base_find:22)] - 元素('xpath', "//*[@index='1' and @class='android.widget.EditText']")正在进行定位操作...
2020-07-14 11:13:52,306 INFO [base.py(base_input:40)] - 元素('xpath', "//*[@index='1' and @class='android.widget.EditText']")正在进行清空操作...
2020-07-14 11:13:53,743 INFO [base.py(base_input:43)] - 元素('xpath', "//*[@index='1' and @class='android.widget.EditText']")正在进行输入操作,内容是13812345678...
2020-07-14 11:13:58,560 INFO [base.py(base_find:22)] - 元素('xpath', "//*[@index='2' and @class='android.widget.EditText']")正在进行定位操作...
2020-07-14 11:13:58,580 INFO [base.py(base_input:40)] - 元素('xpath', "//*[@index='2' and @class='android.widget.EditText']")正在进行清空操作...
2020-07-14 11:13:59,964 INFO [base.py(base_input:43)] - 元素('xpath', "//*[@index='2' and @class='android.widget.EditText']")正在进行输入操作,内容是246810...
2020-07-14 11:14:05,711 INFO [base.py(base_click:54)] - 元素('xpath', "//*[@text='登录' and @class='android.widget.Button']")正在进行点击操作...
2020-07-14 11:14:05,711 INFO [base.py(base_find:22)] - 元素('xpath', "//*[@text='登录' and @class='android.widget.Button']")正在进行定位操作...
2020-07-14 11:14:05,921 INFO [base.py(base_find:22)] - 元素('xpath', "//*[@index='3' and contains(@text,'我的')]")正在进行定位操作...
2020-07-14 11:14:15,875 INFO [base.py(base_find:22)] - 元素('xpath', "//*[@index='1' and @class='android.widget.EditText']")正在进行定位操作...
2020-07-14 11:14:19,453 INFO [base.py(base_input:40)] - 元素('xpath', "//*[@index='1' and @class='android.widget.EditText']")正在进行清空操作...
2020-07-14 11:14:20,844 INFO [base.py(base_input:43)] - 元素('xpath', "//*[@index='1' and @class='android.widget.EditText']")正在进行输入操作,内容是13812345678...
2020-07-14 11:14:25,565 INFO [base.py(base_find:22)] - 元素('xpath', "//*[@index='2' and @class='android.widget.EditText']")正在进行定位操作...
2020-07-14 11:14:25,587 INFO [base.py(base_input:40)] - 元素('xpath', "//*[@index='2' and @class='android.widget.EditText']")正在进行清空操作...
2020-07-14 11:14:26,825 INFO [base.py(base_input:43)] - 元素('xpath', "//*[@index='2' and @class='android.widget.EditText']")正在进行输入操作,内容是246810...
2020-07-14 11:14:32,526 INFO [base.py(base_click:54)] - 元素('xpath', "//*[@text='登录' and @class='android.widget.Button']")正在进行点击操作...
2020-07-14 11:14:32,526 INFO [base.py(base_find:22)] - 元素('xpath', "//*[@text='登录' and @class='android.widget.Button']")正在进行定位操作...
2020-07-14 11:14:32,743 INFO [base.py(base_find:22)] - 元素('xpath', "//*[@class='android.widget.HorizontalScrollView']")正在进行定位操作...
2020-07-14 11:14:36,369 INFO [base.py(base_find:22)] - 元素('xpath', "//*[@class='android.widget.HorizontalScrollView']//*[contains(@text,'linux')]")正在进行定位操作...
2020-07-14 11:14:42,035 INFO [base.py(base_find:22)] - 元素('xpath', "//*[@class='android.widget.HorizontalScrollView']//*[contains(@text,'linux')]")正在进行定位操作...
2020-07-14 11:14:47,691 INFO [base.py(base_find:22)] - 元素('xpath', "//*[@class='android.widget.HorizontalScrollView']//*[contains(@text,'linux')]")正在进行定位操作...
2020-07-14 11:14:53,360 INFO [base.py(base_find:22)] - 元素('xpath', "//*[@class='android.widget.HorizontalScrollView']//*[contains(@text,'linux')]")正在进行定位操作...
2020-07-14 11:14:59,057 INFO [base.py(base_find:22)] - 元素('xpath', "//*[@class='android.widget.HorizontalScrollView']//*[contains(@text,'linux')]")正在进行定位操作...
2020-07-14 11:15:04,745 INFO [base.py(base_find:22)] - 元素('xpath', "//*[@class='android.widget.HorizontalScrollView']//*[contains(@text,'linux')]")正在进行定位操作...
2020-07-14 11:15:06,932 INFO [base.py(base_find:22)] - 元素('xpath', "//*[@index='0' and @bounds='[0,390][1080,1716]']")正在进行定位操作...
2020-07-14 11:15:11,178 INFO [base.py(base_find:22)] - 元素('xpath', "//*[@bounds='[0,390][1080,1716]']//*[contains(@text,'centos')]")正在进行定位操作...
2020-07-14 11:15:17,801 INFO [base.py(base_find:22)] - 元素('xpath', "//*[@bounds='[0,390][1080,1716]']//*[contains(@text,'centos')]")正在进行定位操作...
2020-07-14 11:15:24,569 INFO [base.py(base_find:22)] - 元素('xpath', "//*[@bounds='[0,390][1080,1716]']//*[contains(@text,'centos')]")正在进行定位操作...
2020-07-14 11:15:31,264 INFO [base.py(base_find:22)] - 元素('xpath', "//*[@bounds='[0,390][1080,1716]']//*[contains(@text,'centos')]")正在进行定位操作...
2020-07-14 11:15:37,989 INFO [base.py(base_find:22)] - 元素('xpath', "//*[@bounds='[0,390][1080,1716]']//*[contains(@text,'centos')]")正在进行定位操作...
2020-07-14 11:15:44,657 INFO [base.py(base_find:22)] - 元素('xpath', "//*[@bounds='[0,390][1080,1716]']//*[contains(@text,'centos')]")正在进行定位操作...
2020-07-14 11:15:51,315 INFO [base.py(base_find:22)] - 元素('xpath', "//*[@bounds='[0,390][1080,1716]']//*[contains(@text,'centos')]")正在进行定位操作...
2020-07-14 11:15:57,947 INFO [base.py(base_find:22)] - 元素('xpath', "//*[@bounds='[0,390][1080,1716]']//*[contains(@text,'centos')]")正在进行定位操作...
2020-07-14 11:16:04,622 INFO [base.py(base_find:22)] - 元素('xpath', "//*[@bounds='[0,390][1080,1716]']//*[contains(@text,'centos')]")正在进行定位操作...
2020-07-14 11:16:11,271 INFO [base.py(base_find:22)] - 元素('xpath', "//*[@bounds='[0,390][1080,1716]']//*[contains(@text,'centos')]")正在进行定位操作...
2020-07-14 11:16:17,937 INFO [base.py(base_find:22)] - 元素('xpath', "//*[@bounds='[0,390][1080,1716]']//*[contains(@text,'centos')]")正在进行定位操作...
2020-07-14 11:16:24,791 INFO [base.py(base_find:22)] - 元素('xpath', "//*[@bounds='[0,390][1080,1716]']//*[contains(@text,'centos')]")正在进行定位操作...
2020-07-14 11:16:31,506 INFO [base.py(base_find:22)] - 元素('xpath', "//*[@bounds='[0,390][1080,1716]']//*[contains(@text,'centos')]")正在进行定位操作...
